This is pdfTeX, Version 3.1415926-2.5-1.40.14 (TeX Live 2013) (format=pdflatex 2013.5.30)  26 JAN 2017 12:55
entering extended mode
 restricted \write18 enabled.
 %&-line parsing enabled.
**etd.tex
(./etd.tex
LaTeX2e <2011/06/27>
Babel <3.9f> and hyphenation patterns for 78 languages loaded.
(/usr/local/texlive/2013/texmf-dist/tex/latex/base/report.cls
Document Class: report 2007/10/19 v1.4h Standard LaTeX document class
(/usr/local/texlive/2013/texmf-dist/tex/latex/base/size12.clo
File: size12.clo 2007/10/19 v1.4h Standard LaTeX file (size option)
)
\c@part=\count79
\c@chapter=\count80
\c@section=\count81
\c@subsection=\count82
\c@subsubsection=\count83
\c@paragraph=\count84
\c@subparagraph=\count85
\c@figure=\count86
\c@table=\count87
\abovecaptionskip=\skip41
\belowcaptionskip=\skip42
\bibindent=\dimen102
)
(/usr/local/texlive/2013/texmf-dist/tex/latex/graphics/graphicx.sty
Package: graphicx 1999/02/16 v1.0f Enhanced LaTeX Graphics (DPC,SPQR)

(/usr/local/texlive/2013/texmf-dist/tex/latex/graphics/keyval.sty
Package: keyval 1999/03/16 v1.13 key=value parser (DPC)
\KV@toks@=\toks14
)
(/usr/local/texlive/2013/texmf-dist/tex/latex/graphics/graphics.sty
Package: graphics 2009/02/05 v1.0o Standard LaTeX Graphics (DPC,SPQR)

(/usr/local/texlive/2013/texmf-dist/tex/latex/graphics/trig.sty
Package: trig 1999/03/16 v1.09 sin cos tan (DPC)
)
(/usr/local/texlive/2013/texmf-dist/tex/latex/latexconfig/graphics.cfg
File: graphics.cfg 2010/04/23 v1.9 graphics configuration of TeX Live
)
Package graphics Info: Driver file: pdftex.def on input line 91.

(/usr/local/texlive/2013/texmf-dist/tex/latex/pdftex-def/pdftex.def
File: pdftex.def 2011/05/27 v0.06d Graphics/color for pdfTeX

(/usr/local/texlive/2013/texmf-dist/tex/generic/oberdiek/infwarerr.sty
Package: infwarerr 2010/04/08 v1.3 Providing info/warning/error messages (HO)
)
(/usr/local/texlive/2013/texmf-dist/tex/generic/oberdiek/ltxcmds.sty
Package: ltxcmds 2011/11/09 v1.22 LaTeX kernel commands for general use (HO)
)
\Gread@gobject=\count88
))
\Gin@req@height=\dimen103
\Gin@req@width=\dimen104
)
(/usr/local/texlive/2013/texmf-dist/tex/latex/float/float.sty
Package: float 2001/11/08 v1.3d Float enhancements (AL)
\c@float@type=\count89
\float@exts=\toks15
\float@box=\box26
\@float@everytoks=\toks16
\@floatcapt=\box27
)
(/usr/local/texlive/2013/texmf-dist/tex/latex/graphics/color.sty
Package: color 2005/11/14 v1.0j Standard LaTeX Color (DPC)

(/usr/local/texlive/2013/texmf-dist/tex/latex/latexconfig/color.cfg
File: color.cfg 2007/01/18 v1.5 color configuration of teTeX/TeXLive
)
Package color Info: Driver file: pdftex.def on input line 130.
)
(/usr/local/texlive/2013/texmf-dist/tex/latex/psnfss/times.sty
Package: times 2005/04/12 PSNFSS-v9.2a (SPQR) 
)
(/usr/local/texlive/2013/texmf-dist/tex/latex/psnfss/helvet.sty
Package: helvet 2005/04/12 PSNFSS-v9.2a (WaS) 
)
(/usr/local/texlive/2013/texmf-dist/tex/latex/psnfss/courier.sty
Package: courier 2005/04/12 PSNFSS-v9.2a (WaS) 
)
(/usr/local/texlive/2013/texmf-dist/tex/latex/amsmath/amsmath.sty
Package: amsmath 2013/01/14 v2.14 AMS math features
\@mathmargin=\skip43

For additional information on amsmath, use the `?' option.
(/usr/local/texlive/2013/texmf-dist/tex/latex/amsmath/amstext.sty
Package: amstext 2000/06/29 v2.01

(/usr/local/texlive/2013/texmf-dist/tex/latex/amsmath/amsgen.sty
File: amsgen.sty 1999/11/30 v2.0
\@emptytoks=\toks17
\ex@=\dimen105
))
(/usr/local/texlive/2013/texmf-dist/tex/latex/amsmath/amsbsy.sty
Package: amsbsy 1999/11/29 v1.2d
\pmbraise@=\dimen106
)
(/usr/local/texlive/2013/texmf-dist/tex/latex/amsmath/amsopn.sty
Package: amsopn 1999/12/14 v2.01 operator names
)
\inf@bad=\count90
LaTeX Info: Redefining \frac on input line 210.
\uproot@=\count91
\leftroot@=\count92
LaTeX Info: Redefining \overline on input line 306.
\classnum@=\count93
\DOTSCASE@=\count94
LaTeX Info: Redefining \ldots on input line 378.
LaTeX Info: Redefining \dots on input line 381.
LaTeX Info: Redefining \cdots on input line 466.
\Mathstrutbox@=\box28
\strutbox@=\box29
\big@size=\dimen107
LaTeX Font Info:    Redeclaring font encoding OML on input line 566.
LaTeX Font Info:    Redeclaring font encoding OMS on input line 567.
\macc@depth=\count95
\c@MaxMatrixCols=\count96
\dotsspace@=\muskip10
\c@parentequation=\count97
\dspbrk@lvl=\count98
\tag@help=\toks18
\row@=\count99
\column@=\count100
\maxfields@=\count101
\andhelp@=\toks19
\eqnshift@=\dimen108
\alignsep@=\dimen109
\tagshift@=\dimen110
\tagwidth@=\dimen111
\totwidth@=\dimen112
\lineht@=\dimen113
\@envbody=\toks20
\multlinegap=\skip44
\multlinetaggap=\skip45
\mathdisplay@stack=\toks21
LaTeX Info: Redefining \[ on input line 2665.
LaTeX Info: Redefining \] on input line 2666.
)
(/usr/local/texlive/2013/texmf-dist/tex/latex/algorithmicx/algcompatible.sty
Package: algcompatible 

(/usr/local/texlive/2013/texmf-dist/tex/latex/base/ifthen.sty
Package: ifthen 2001/05/26 v1.1c Standard LaTeX ifthen package (DPC)
)
(/usr/local/texlive/2013/texmf-dist/tex/latex/algorithmicx/algorithmicx.sty
Package: algorithmicx 2005/04/27 v1.2 Algorithmicx

Document Style algorithmicx 1.2 - a greatly improved `algorithmic' style
\c@ALG@line=\count102
\c@ALG@rem=\count103
\c@ALG@nested=\count104
\ALG@tlm=\skip46
\ALG@thistlm=\skip47
\c@ALG@Lnr=\count105
\c@ALG@blocknr=\count106
\c@ALG@storecount=\count107
\c@ALG@tmpcounter=\count108
\ALG@tmplength=\skip48
)
Document Style - algorithmic compatible environments for the `algorithmicx' sty
le
) (/Users/huijuans/Library/texmf/tex/latex/multirow/multirow.sty
\bigstrutjot=\dimen114
)
(/usr/local/texlive/2013/texmf-dist/tex/latex/amscls/amsthm.sty
Package: amsthm 2004/08/06 v2.20
\thm@style=\toks22
\thm@bodyfont=\toks23
\thm@headfont=\toks24
\thm@notefont=\toks25
\thm@headpunct=\toks26
\thm@preskip=\skip49
\thm@postskip=\skip50
\thm@headsep=\skip51
\dth@everypar=\toks27
)
(/usr/local/texlive/2013/texmf-dist/tex/latex/mdwtools/mdwlist.sty
Package: mdwlist 1996/05/02 1.1 Various list-related things
)
(/usr/local/texlive/2013/texmf-dist/tex/latex/cite/cite.sty
LaTeX Info: Redefining \cite on input line 302.
LaTeX Info: Redefining \nocite on input line 373.
Package: cite 2010/09/10  v 5.3
)
(/usr/local/texlive/2013/texmf-dist/tex/latex/natbib/natbib.sty
Package: natbib 2010/09/13 8.31b (PWD, AO)


Package natbib Warning: The `cite' package should not be used
(natbib)                with natbib. Use option `sort' instead.

\bibhang=\skip52
\bibsep=\skip53
LaTeX Info: Redefining \cite on input line 694.
LaTeX Info: Redefining \citenum on input line 708.
\c@NAT@ctr=\count109
) (/usr/local/texlive/2013/texmf-dist/tex/latex/graphics/epsfig.sty
Package: epsfig 1999/02/16 v1.7a (e)psfig emulation (SPQR)
\epsfxsize=\dimen115
\epsfysize=\dimen116
)
(/usr/local/texlive/2013/texmf-dist/tex/latex/oberdiek/epstopdf.sty
Package: epstopdf 2010/02/09 v2.5 Conversion with epstopdf on the fly (HO)

(/usr/local/texlive/2013/texmf-dist/tex/latex/oberdiek/epstopdf-base.sty
Package: epstopdf-base 2010/02/09 v2.5 Base part for package epstopdf

(/usr/local/texlive/2013/texmf-dist/tex/latex/oberdiek/grfext.sty
Package: grfext 2010/08/19 v1.1 Manage graphics extensions (HO)

(/usr/local/texlive/2013/texmf-dist/tex/generic/oberdiek/kvdefinekeys.sty
Package: kvdefinekeys 2011/04/07 v1.3 Define keys (HO)
))
(/usr/local/texlive/2013/texmf-dist/tex/latex/oberdiek/kvoptions.sty
Package: kvoptions 2011/06/30 v3.11 Key value format for package options (HO)

(/usr/local/texlive/2013/texmf-dist/tex/generic/oberdiek/kvsetkeys.sty
Package: kvsetkeys 2012/04/25 v1.16 Key value parser (HO)

(/usr/local/texlive/2013/texmf-dist/tex/generic/oberdiek/etexcmds.sty
Package: etexcmds 2011/02/16 v1.5 Avoid name clashes with e-TeX commands (HO)

(/usr/local/texlive/2013/texmf-dist/tex/generic/oberdiek/ifluatex.sty
Package: ifluatex 2010/03/01 v1.3 Provides the ifluatex switch (HO)
Package ifluatex Info: LuaTeX not detected.
)
Package etexcmds Info: Could not find \expanded.
(etexcmds)             That can mean that you are not using pdfTeX 1.50 or
(etexcmds)             that some package has redefined \expanded.
(etexcmds)             In the latter case, load this package earlier.
)))
(/usr/local/texlive/2013/texmf-dist/tex/generic/oberdiek/pdftexcmds.sty
Package: pdftexcmds 2011/11/29 v0.20 Utility functions of pdfTeX for LuaTeX (HO
)

(/usr/local/texlive/2013/texmf-dist/tex/generic/oberdiek/ifpdf.sty
Package: ifpdf 2011/01/30 v2.3 Provides the ifpdf switch (HO)
Package ifpdf Info: pdfTeX in PDF mode is detected.
)
Package pdftexcmds Info: LuaTeX not detected.
Package pdftexcmds Info: \pdf@primitive is available.
Package pdftexcmds Info: \pdf@ifprimitive is available.
Package pdftexcmds Info: \pdfdraftmode found.
)
Package grfext Info: Graphics extension search list:
(grfext)             [.png,.pdf,.jpg,.mps,.jpeg,.jbig2,.jb2,.PNG,.PDF,.JPG,.JPE
G,.JBIG2,.JB2,.eps]
(grfext)             \AppendGraphicsExtensions on input line 452.

(/usr/local/texlive/2013/texmf-dist/tex/latex/latexconfig/epstopdf-sys.cfg
File: epstopdf-sys.cfg 2010/07/13 v1.3 Configuration of (r)epstopdf for TeX Liv
e
)))
(/usr/local/texlive/2013/texmf-dist/tex/latex/url/url.sty
\Urlmuskip=\muskip11
Package: url 2006/04/12  ver 3.3  Verb mode for urls, etc.
)
(/usr/local/texlive/2013/texmf-dist/tex/latex/jknapltx/mathrsfs.sty
Package: mathrsfs 1996/01/01 Math RSFS package v1.0 (jk)
\symrsfs=\mathgroup4
)
(/usr/local/texlive/2013/texmf-dist/tex/latex/tools/enumerate.sty
Package: enumerate 1999/03/05 v3.00 enumerate extensions (DPC)
\@enLab=\toks28
)
(/usr/local/texlive/2013/texmf-dist/tex/latex/comment/comment.sty
\CommentStream=\write3

Excluding comment 'comment')
(/usr/local/texlive/2013/texmf-dist/tex/latex/algorithms/algorithm.sty
Package: algorithm 2009/08/24 v0.1 Document Style `algorithm' - floating enviro
nment
\@float@every@algorithm=\toks29
\c@algorithm=\count110
)
(/usr/local/texlive/2013/texmf-dist/tex/latex/tools/array.sty
Package: array 2008/09/09 v2.4c Tabular extension package (FMi)
\col@sep=\dimen117
\extrarowheight=\dimen118
\NC@list=\toks30
\extratabsurround=\skip54
\backup@length=\skip55
)
(/usr/local/texlive/2013/texmf-dist/tex/latex/tocbibind/tocbibind.sty
Package: tocbibind 2010/10/13 v1.5k extra ToC listings
Package tocbibind Info: The document has chapter divisions on input line 50.


Package tocbibind Note: Using chapter style headings, unless overridden.

)
\c@definition=\count111


LaTeX Warning: Unused global option(s):
    [pdf].

(./etd.aux (./sec/introduction.aux) (./sec/disagg.aux

LaTeX Warning: Label `fig_energyDisaggDefinition' multiply defined.

)

LaTeX Warning: Label `eq_powerObj' multiply defined.

)
\openout1 = `etd.aux'.

LaTeX Font Info:    Checking defaults for OML/cmm/m/it on input line 75.
LaTeX Font Info:    ... okay on input line 75.
LaTeX Font Info:    Checking defaults for T1/cmr/m/n on input line 75.
LaTeX Font Info:    ... okay on input line 75.
LaTeX Font Info:    Checking defaults for OT1/cmr/m/n on input line 75.
LaTeX Font Info:    ... okay on input line 75.
LaTeX Font Info:    Checking defaults for OMS/cmsy/m/n on input line 75.
LaTeX Font Info:    ... okay on input line 75.
LaTeX Font Info:    Checking defaults for OMX/cmex/m/n on input line 75.
LaTeX Font Info:    ... okay on input line 75.
LaTeX Font Info:    Checking defaults for U/cmr/m/n on input line 75.
LaTeX Font Info:    ... okay on input line 75.
LaTeX Font Info:    Try loading font information for OT1+ptm on input line 75.
 (/usr/local/texlive/2013/texmf-dist/tex/latex/psnfss/ot1ptm.fd
File: ot1ptm.fd 2001/06/04 font definitions for OT1/ptm.
)
(/usr/local/texlive/2013/texmf-dist/tex/context/base/supp-pdf.mkii
[Loading MPS to PDF converter (version 2006.09.02).]
\scratchcounter=\count112
\scratchdimen=\dimen119
\scratchbox=\box30
\nofMPsegments=\count113
\nofMParguments=\count114
\everyMPshowfont=\toks31
\MPscratchCnt=\count115
\MPscratchDim=\dimen120
\MPnumerator=\count116
\makeMPintoPDFobject=\count117
\everyMPtoPDFconversion=\toks32
) [1

{/usr/local/texlive/2013/texmf-var/fonts/map/pdftex/updmap/pdftex.map}]
[2] [3]
LaTeX Font Info:    Font shape `OT1/ptm/bx/n' in size <24.88> not available
(Font)              Font shape `OT1/ptm/b/n' tried instead on input line 188.
 [1

] [2

] (./etd.toc
LaTeX Font Info:    Font shape `OT1/ptm/bx/n' in size <12> not available
(Font)              Font shape `OT1/ptm/b/n' tried instead on input line 1.
LaTeX Font Info:    External font `cmex10' loaded for size
(Font)              <12> on input line 4.
LaTeX Font Info:    External font `cmex10' loaded for size
(Font)              <8> on input line 4.
LaTeX Font Info:    External font `cmex10' loaded for size
(Font)              <6> on input line 4.
LaTeX Font Info:    Try loading font information for U+rsfs on input line 4.

(/usr/local/texlive/2013/texmf-dist/tex/latex/jknapltx/ursfs.fd
File: ursfs.fd 1998/03/24 rsfs font definition file (jk)
) [3

] [4]
[5])
\tf@toc=\write4
\openout4 = `etd.toc'.

 [6] (./etd.lof [7

] [8])
\tf@lof=\write5
\openout5 = `etd.lof'.

 [9] (./etd.lot)
\tf@lot=\write6
\openout6 = `etd.lot'.

 [10

]
\openout2 = `sec/introduction.aux'.

 (./sec/introduction.tex
Chapter 1.
[1


] <fig/smartbuilding.pdf, id=51, 505.89pt x 361.35pt>
File: fig/smartbuilding.pdf Graphic file (type pdf)

<use fig/smartbuilding.pdf>
Package pdftex.def Info: fig/smartbuilding.pdf used on input line 43.
(pdftex.def)             Requested size: 375.80542pt x 268.4369pt.
LaTeX Font Info:    Font shape `OT1/ptm/bx/n' in size <17.28> not available
(Font)              Font shape `OT1/ptm/b/n' tried instead on input line 50.
LaTeX Font Info:    Try loading font information for OMS+ptm on input line 54.

(/usr/local/texlive/2013/texmf-dist/tex/latex/psnfss/omsptm.fd
File: omsptm.fd 
)
LaTeX Font Info:    Font shape `OMS/ptm/m/n' in size <12> not available
(Font)              Font shape `OMS/cmsy/m/n' tried instead on input line 54.
 [2 <./fig/smartbuilding.pdf>] [3] [4]
Overfull \hbox (10.84003pt too wide) in paragraph at lines 152--164
[]\OT1/ptm/m/n/12 Frequent episode dis-cov-ery is pro-posed in [[]]. Given a se
-quence of events $\OML/cmm/m/it/12 < \OT1/cmr/m/n/12 (\OML/cmm/m/it/12 E[]; t[
]\OT1/cmr/m/n/12 )\OML/cmm/m/it/12 ; :::; \OT1/cmr/m/n/12 (\OML/cmm/m/it/12 E[]
; t[]\OT1/cmr/m/n/12 ) \OML/cmm/m/it/12 >$\OT1/ptm/m/n/12 ,
 []

[5] (./fig/framework.tex <fig/framework.pdf, id=128, 578.16pt x 397.485pt>
File: fig/framework.pdf Graphic file (type pdf)

<use fig/framework.pdf>
Package pdftex.def Info: fig/framework.pdf used on input line 4.
(pdftex.def)             Requested size: 328.82706pt x 226.0654pt.
) [6 <./fig/framework.pdf>] [7]) [8]
Chapter 2.
(./surveysec/introduction.tex [9


]
LaTeX Font Info:    Font shape `OT1/ptm/bx/n' in size <14.4> not available
(Font)              Font shape `OT1/ptm/b/n' tried instead on input line 65.

<figs/truth_agg.pdf, id=336, 1348.03625pt x 738.76pt>
File: figs/truth_agg.pdf Graphic file (type pdf)
 <use figs/truth_agg.pdf>
Package pdftex.def Info: figs/truth_agg.pdf used on input line 96.
(pdftex.def)             Requested size: 234.87749pt x 128.71002pt.

<figs/truth_disagg.pdf, id=337, 1348.03625pt x 738.76pt>
File: figs/truth_disagg.pdf Graphic file (type pdf)

<use figs/truth_disagg.pdf>
Package pdftex.def Info: figs/truth_disagg.pdf used on input line 97.
(pdftex.def)             Requested size: 234.87749pt x 128.71002pt.

Overfull \hbox (23.99998pt too wide) in paragraph at lines 95--103
 [][] 
 []

[10 <./figs/truth_agg.pdf> <./figs/truth_disagg.pdf>] [11] [12])
(./surveysec/basic.tex (./figs/powerConnection.tex
<figs/powerConnection.pdf, id=354, 1300.86pt x 1084.05pt>
File: figs/powerConnection.pdf Graphic file (type pdf)

<use figs/powerConnection.pdf>
Package pdftex.def Info: figs/powerConnection.pdf used on input line 3.
(pdftex.def)             Requested size: 325.215pt x 271.01184pt.
) (./figs/residentialCommercialBG.tex
<figs/residentialBG.pdf, id=355, 542.025pt x 325.215pt>
File: figs/residentialBG.pdf Graphic file (type pdf)

<use figs/residentialBG.pdf>
Package pdftex.def Info: figs/residentialBG.pdf used on input line 4.
(pdftex.def)             Requested size: 201.9912pt x 121.19608pt.

<figs/commercialBG.pdf, id=356, 650.43pt x 361.35pt>
File: figs/commercialBG.pdf Graphic file (type pdf)

<use figs/commercialBG.pdf>
Package pdftex.def Info: figs/commercialBG.pdf used on input line 5.
(pdftex.def)             Requested size: 234.87749pt x 130.4884pt.
) [13]

LaTeX Warning: `h' float specifier changed to `ht'.

(./figs/draw3phase.tex <figs/draw3phase.pdf, id=360, 1300.86pt x 686.565pt>
File: figs/draw3phase.pdf Graphic file (type pdf)

<use figs/draw3phase.pdf>
Package pdftex.def Info: figs/draw3phase.pdf used on input line 3.
(pdftex.def)             Requested size: 187.89912pt x 99.16699pt.
) [14 <./figs/powerConnection.pdf>]
(./figs/threebasicloads.tex
<figs/threebasicloads.pdf, id=385, 1517.67pt x 361.35pt>
File: figs/threebasicloads.pdf Graphic file (type pdf)

<use figs/threebasicloads.pdf>
Package pdftex.def Info: figs/threebasicloads.pdf used on input line 3.
(pdftex.def)             Requested size: 238.49121pt x 56.7806pt.
) [15 <./figs/residentialBG.pdf> <./figs/commercialBG.pdf> <./figs/draw3phase.p
df>] (./figs/realReactive_hart1992.tex
<figs/realReactive_hart1992.pdf, id=457, 1373.13pt x 939.51pt>
File: figs/realReactive_hart1992.pdf Graphic file (type pdf)

<use figs/realReactive_hart1992.pdf>
Package pdftex.def Info: figs/realReactive_hart1992.pdf used on input line 3.
(pdftex.def)             Requested size: 289.07999pt x 197.79033pt.
) [16 <./figs/threebasicloads.pdf>]
(./figs/powerTriangle.tex
<figs/powerTriangle.pdf, id=466, 939.51pt x 433.62pt>
File: figs/powerTriangle.pdf Graphic file (type pdf)

<use figs/powerTriangle.pdf>
Package pdftex.def Info: figs/powerTriangle.pdf used on input line 3.
(pdftex.def)             Requested size: 130.08621pt x 60.03812pt.
) [17 <./figs/realReactive_hart1992.pdf>]
(./figs/harmonicsexample.tex
<figs/Circuit4TransientSingle.pdf, id=477, 569.12625pt x 569.12625pt>
File: figs/Circuit4TransientSingle.pdf Graphic file (type pdf)

<use figs/Circuit4TransientSingle.pdf>
Package pdftex.def Info: figs/Circuit4TransientSingle.pdf used on input line 11
.
(pdftex.def)             Requested size: 187.89908pt x 184.29515pt.

<figs/circuit4TransientFFT.pdf, id=478, 569.12625pt x 569.12625pt>
File: figs/circuit4TransientFFT.pdf Graphic file (type pdf)

<use figs/circuit4TransientFFT.pdf>
Package pdftex.def Info: figs/circuit4TransientFFT.pdf used on input line 12.
(pdftex.def)             Requested size: 187.89908pt x 184.29515pt.
) [18 <./figs/powerTriangle.pdf> <./figs/Circuit4TransientSingle.pdf> <./figs/c
ircuit4TransientFFT.pdf, page is rotated 90 degrees>]) (./surveysec/problem.tex
LaTeX Font Info:    External font `cmex10' loaded for size
(Font)              <7> on input line 19.
LaTeX Font Info:    External font `cmex10' loaded for size
(Font)              <5> on input line 19.
 [19]
<figs/algo-timeline.pdf, id=510, 794.97pt x 614.295pt>
File: figs/algo-timeline.pdf Graphic file (type pdf)

<use figs/algo-timeline.pdf>
Package pdftex.def Info: figs/algo-timeline.pdf used on input line 265.
(pdftex.def)             Requested size: 361.34999pt x 279.23282pt.
 [20]) (./surveysec/features.tex
(./figs/ACPowerFeatures.tex
<figs/fig_acpower.pdf, id=518, 1228.59pt x 722.7pt>
File: figs/fig_acpower.pdf Graphic file (type pdf)
 <use figs/fig_acpower.pdf>
Package pdftex.def Info: figs/fig_acpower.pdf used on input line 19.
(pdftex.def)             Requested size: 211.3883pt x 124.34608pt.

<figs/NonPowerFeatures.pdf, id=519, 1084.05pt x 382.42876pt>
File: figs/NonPowerFeatures.pdf Graphic file (type pdf)

<use figs/NonPowerFeatures.pdf>
Package pdftex.def Info: figs/NonPowerFeatures.pdf used on input line 20.
(pdftex.def)             Requested size: 258.36667pt x 91.14287pt.

Overfull \hbox (26.99998pt too wide) in paragraph at lines 18--23
 [][] 
 []


LaTeX Warning: `h' float specifier changed to `ht'.

) [21 <./figs/algo-timeline.pdf>] [22 <./figs/fig_acpower.pdf> <./figs/NonPower
Features.pdf>] (./figs/realTransient.tex
<figs/refrigeratorTransient.pdf, id=607, 569.12625pt x 569.12625pt>
File: figs/refrigeratorTransient.pdf Graphic file (type pdf)

<use figs/refrigeratorTransient.pdf>
Package pdftex.def Info: figs/refrigeratorTransient.pdf used on input line 4.
(pdftex.def)             Requested size: 136.22578pt x 136.22835pt.

<figs/refrigeratorTransientRealPower.pdf, id=608, 569.12625pt x 569.12625pt>
File: figs/refrigeratorTransientRealPower.pdf Graphic file (type pdf)

<use figs/refrigeratorTransientRealPower.pdf>
Package pdftex.def Info: figs/refrigeratorTransientRealPower.pdf used on input 
line 5.
(pdftex.def)             Requested size: 140.92792pt x 140.92648pt.

<figs/refrigeratorTransientInstantPower.pdf, id=609, 569.12625pt x 569.12625pt>
File: figs/refrigeratorTransientInstantPower.pdf Graphic file (type pdf)
<use figs/refrigeratorTransientInstantPower.pdf>
Package pdftex.def Info: figs/refrigeratorTransientInstantPower.pdf used on inp
ut line 6.
(pdftex.def)             Requested size: 140.92792pt x 140.92648pt.
) [23] (./figs/waveformTraj.tex <figs/refrigeratorTransientSingle.pdf, id=613, 
569.12625pt x 569.12625pt>
File: figs/refrigeratorTransientSingle.pdf Graphic file (type pdf)

<use figs/refrigeratorTransientSingle.pdf>
Package pdftex.def Info: figs/refrigeratorTransientSingle.pdf used on input lin
e 4.
(pdftex.def)             Requested size: 140.92792pt x 140.92648pt.

<figs/refrigeratorTransientCurrentVoltageSingle.pdf, id=614, 569.12625pt x 569.
12625pt>
File: figs/refrigeratorTransientCurrentVoltageSingle.pdf Graphic file (type pdf
)
 <use figs/refrigeratorTransientCurrentVoltageSingle.pdf>
Package pdftex.def Info: figs/refrigeratorTransientCurrentVoltageSingle.pdf use
d on input line 5.
(pdftex.def)             Requested size: 140.92792pt x 140.92648pt.

<figs/refrigeratorCurrentAgainstVoltageSingle.pdf, id=615, 569.12625pt x 569.12
625pt>
File: figs/refrigeratorCurrentAgainstVoltageSingle.pdf Graphic file (type pdf)
 <use figs/refrigeratorCurrentAgainstVoltageSingle.pdf>
Package pdftex.def Info: figs/refrigeratorCurrentAgainstVoltageSingle.pdf used 
on input line 6.
(pdftex.def)             Requested size: 140.92792pt x 140.92648pt.

<figs/airCompressorTransientSingle.pdf, id=616, 569.12625pt x 569.12625pt>
File: figs/airCompressorTransientSingle.pdf Graphic file (type pdf)

<use figs/airCompressorTransientSingle.pdf>
Package pdftex.def Info: figs/airCompressorTransientSingle.pdf used on input li
ne 9.
(pdftex.def)             Requested size: 140.92792pt x 140.92648pt.

<figs/airCompressorTransientCurrentVoltageSingle.pdf, id=617, 569.12625pt x 569
.12625pt>
File: figs/airCompressorTransientCurrentVoltageSingle.pdf Graphic file (type pd
f)
 <use figs/airCompressorTransientCurrentVoltageSingle.pdf>
Package pdftex.def Info: figs/airCompressorTransientCurrentVoltageSingle.pdf us
ed on input line 10.
(pdftex.def)             Requested size: 140.92792pt x 140.92648pt.

<figs/airCompressorCurrentAgainstVoltageSingle.pdf, id=618, 569.12625pt x 569.1
2625pt>
File: figs/airCompressorCurrentAgainstVoltageSingle.pdf Graphic file (type pdf)

 <use figs/airCompressorCurrentAgainstVoltageSingle.pdf>
Package pdftex.def Info: figs/airCompressorCurrentAgainstVoltageSingle.pdf used
 on input line 11.
(pdftex.def)             Requested size: 140.92792pt x 140.92648pt.
)

LaTeX Warning: `h' float specifier changed to `ht'.

(./figs/eigenValue.tex
<figs/EigenValuesDevices.pdf, id=619, 569.12625pt x 569.12625pt>
File: figs/EigenValuesDevices.pdf Graphic file (type pdf)

<use figs/EigenValuesDevices.pdf>
Package pdftex.def Info: figs/EigenValuesDevices.pdf used on input line 3.
(pdftex.def)             Requested size: 140.92792pt x 140.92648pt.
) [24 <./figs/refrigeratorTransient.pdf> <./figs/refrigeratorTransientRealPower
.pdf> <./figs/refrigeratorTransientInstantPower.pdf>]

LaTeX Warning: `h' float specifier changed to `ht'.

(./figs/harmonicsFeature.tex
<figs/refrigeratorTransientFFT.pdf, id=635, 569.12625pt x 569.12625pt>
File: figs/refrigeratorTransientFFT.pdf Graphic file (type pdf)

<use figs/refrigeratorTransientFFT.pdf>
Package pdftex.def Info: figs/refrigeratorTransientFFT.pdf used on input line 5
.
(pdftex.def)             Requested size: 155.02pt x 155.02086pt.

<figs/airCompressorTransientFFT.pdf, id=636, 569.12625pt x 569.12625pt>
File: figs/airCompressorTransientFFT.pdf Graphic file (type pdf)

<use figs/airCompressorTransientFFT.pdf>
Package pdftex.def Info: figs/airCompressorTransientFFT.pdf used on input line 
6.
(pdftex.def)             Requested size: 155.02pt x 155.02086pt.

<figs/realImagHarmonicsRefrigerator.pdf, id=637, 569.12625pt x 569.12625pt>
File: figs/realImagHarmonicsRefrigerator.pdf Graphic file (type pdf)

<use figs/realImagHarmonicsRefrigerator.pdf>
Package pdftex.def Info: figs/realImagHarmonicsRefrigerator.pdf used on input l
ine 7.
(pdftex.def)             Requested size: 155.02pt x 155.02086pt.

Overfull \hbox (37.30673pt too wide) in paragraph at lines 3--11
 [][] 
 []

) [25 <./figs/refrigeratorTransientSingle.pdf> <./figs/refrigeratorTransientCur
rentVoltageSingle.pdf> <./figs/refrigeratorCurrentAgainstVoltageSingle.pdf> <./
figs/airCompressorTransientSingle.pdf> <./figs/airCompressorTransientCurrentVol
tageSingle.pdf> <./figs/airCompressorCurrentAgainstVoltageSingle.pdf>] [26 <./f
igs/EigenValuesDevices.pdf> <./figs/refrigeratorTransientFFT.pdf, page is rotat
ed 90 degrees> <./figs/airCompressorTransientFFT.pdf, page is rotated 90 degree
s> <./figs/realImagHarmonicsRefrigerator.pdf>] (./figs/switchingFun.tex
<figs/switchingFunction.png, id=682, 236.46744pt x 145.11816pt>
File: figs/switchingFunction.png Graphic file (type png)

<use figs/switchingFunction.png>
Package pdftex.def Info: figs/switchingFunction.png used on input line 3.
(pdftex.def)             Requested size: 234.87749pt x 144.15013pt.
) (./figs/LCDTVNoise.tex
<figs/noiseMasterLCDTV.pdf, id=684, 569.12625pt x 569.12625pt>
File: figs/noiseMasterLCDTV.pdf Graphic file (type pdf)

<use figs/noiseMasterLCDTV.pdf>
Package pdftex.def Info: figs/noiseMasterLCDTV.pdf used on input line 5.
(pdftex.def)             Requested size: 234.87749pt x 234.88037pt.

<figs/noiseFeatureMasterLCDTV.pdf, id=685, 569.12625pt x 569.12625pt>
File: figs/noiseFeatureMasterLCDTV.pdf Graphic file (type pdf)

<use figs/noiseFeatureMasterLCDTV.pdf>
Package pdftex.def Info: figs/noiseFeatureMasterLCDTV.pdf used on input line 7.

(pdftex.def)             Requested size: 234.87749pt x 234.88037pt.

Overfull \hbox (26.99998pt too wide) in paragraph at lines 3--11
 [][] 
 []

) (./figs/timeofday.tex
<figs/timeofday.pdf, id=686, 569.12625pt x 569.12625pt>
File: figs/timeofday.pdf Graphic file (type pdf)

<use figs/timeofday.pdf>
Package pdftex.def Info: figs/timeofday.pdf used on input line 4.
(pdftex.def)             Requested size: 140.92792pt x 140.92648pt.
 [27 <./figs/switchingFunction.png>]) [28 <./figs/noiseMasterLCDTV.pdf> <./figs
/noiseFeatureMasterLCDTV.pdf> <./figs/timeofday.pdf>])
(./surveysec/algorithms.tex [29] (./tab/tab_featureAlg.tex

LaTeX Warning: `h' float specifier changed to `ht'.

) [30] (./tab/tab_algSummary.tex)

LaTeX Warning: `h' float specifier changed to `ht'.

) (./surveysec/supervised.tex [31] (./figs/neuralNetwork.tex
<figs/neuralNetwork.pdf, id=713, 1300.86pt x 867.24pt>
File: figs/neuralNetwork.pdf Graphic file (type pdf)

<use figs/neuralNetwork.pdf>
Package pdftex.def Info: figs/neuralNetwork.pdf used on input line 3.
(pdftex.def)             Requested size: 216.81pt x 144.53082pt.
) [32 <./figs/neuralNetwork.pdf>] [33] [34]
(./figs/kNN.tex <figs/kNN.pdf, id=728, 867.24pt x 722.7pt>
File: figs/kNN.pdf Graphic file (type pdf)
 <use figs/kNN.pdf>
Package pdftex.def Info: figs/kNN.pdf used on input line 11.
(pdftex.def)             Requested size: 216.81pt x 180.67455pt.

[35]) [36 <./figs/kNN.pdf>] (./figs/realPowerPDF.tex
<figs/pdfRedd.pdf, id=745, 569.12625pt x 569.12625pt>
File: figs/pdfRedd.pdf Graphic file (type pdf)
 <use figs/pdfRedd.pdf>
Package pdftex.def Info: figs/pdfRedd.pdf used on input line 3.
(pdftex.def)             Requested size: 216.81pt x 216.80864pt.
)
[37 <./figs/pdfRedd.pdf>] [38] [39] [40] [41] [42])
(./surveysec/unsupervised.tex [43] (./figs/fhmm.tex
<figs/fhmm.pdf, id=772, 1084.05pt x 650.43pt>
File: figs/fhmm.pdf Graphic file (type pdf)
 <use figs/fhmm.pdf>
Package pdftex.def Info: figs/fhmm.pdf used on input line 11.
(pdftex.def)             Requested size: 234.87749pt x 140.92151pt.

<figs/difference_fhmm.pdf, id=773, 1084.05pt x 722.7pt>
File: figs/difference_fhmm.pdf Graphic file (type pdf)

<use figs/difference_fhmm.pdf>
Package pdftex.def Info: figs/difference_fhmm.pdf used on input line 12.
(pdftex.def)             Requested size: 234.87749pt x 156.57947pt.

Overfull \hbox (23.99998pt too wide) in paragraph at lines 10--16
 [][] 
 []

)
Overfull \hbox (15.76576pt too wide) in paragraph at lines 63--68
[]\OT1/ptm/m/n/12 We form the FHMM by cal-cu-lat-ing the ini-tial prob-a-bil-it
y $\OML/cmm/m/it/12 ^^^[]\OT1/cmr/m/n/12 (\OML/cmm/m/it/12 y; x\OMS/cmsy/m/n/12
 j\OT1/cmr/m/n/12 ^^B)$\OT1/ptm/m/n/12 , emis-sion prob-a-bil-ity $\OML/cmm/m/i
t/12 ^^^[]\OT1/cmr/m/n/12 (\OML/cmm/m/it/12 y; x\OMS/cmsy/m/n/12 j\OT1/cmr/m/n/
12 ^^B)$\OT1/ptm/m/n/12 ,
 []

[44] (./figs/AFAMAP_boxDiagram.tex
<figs/AFAMAP_Boxdiagram.pdf, id=777, 433.62pt x 346.89601pt>
File: figs/AFAMAP_Boxdiagram.pdf Graphic file (type pdf)

<use figs/AFAMAP_Boxdiagram.pdf>
Package pdftex.def Info: figs/AFAMAP_Boxdiagram.pdf used on input line 3.
(pdftex.def)             Requested size: 180.67499pt x 144.54141pt.
) [45 <./figs/fhmm.pdf> <./figs/difference_fhmm.pdf> <./figs/AFAMAP_Boxdiagram.
pdf>] [46]
<figs/motifSample.pdf, id=830, 722.7pt x 289.08pt>
File: figs/motifSample.pdf Graphic file (type pdf)
 <use figs/motifSample.pdf>
Package pdftex.def Info: figs/motifSample.pdf used on input line 206.
(pdftex.def)             Requested size: 216.81pt x 86.72466pt.

[47] [48 <./figs/motifSample.pdf>] [49]) (./surveysec/evaluation.tex [50]
[51]) (./surveysec/setup.tex
<figs/metersConnection.pdf, id=934, 1156.32pt x 722.7pt>
File: figs/metersConnection.pdf Graphic file (type pdf)

<use figs/metersConnection.pdf>
Package pdftex.def Info: figs/metersConnection.pdf used on input line 40.
(pdftex.def)             Requested size: 216.81pt x 135.5059pt.
 (./tab/tab_meter.tex
LaTeX Font Info:    External font `cmex10' loaded for size
(Font)              <10.95> on input line 29.

Overfull \hbox (56.6636pt too wide) in paragraph at lines 6--30
 [] 
 []

) [52]) (./surveysec/ongoing.tex [53 <./figs/metersConnection.pdf>])
(./surveysec/conclusion.tex [54]) [55] [56] [57]
\openout2 = `sec/disagg.aux'.

 (./sec/disagg.tex
Chapter 3.
[58


] <disaggfigs/background.pdf, id=970, 650.43pt x 361.35pt>
File: disaggfigs/background.pdf Graphic file (type pdf)

<use disaggfigs/background.pdf>
Package pdftex.def Info: disaggfigs/background.pdf used on input line 108.
(pdftex.def)             Requested size: 234.87749pt x 130.4884pt.
 [59]
<disaggfigs/washdryer.pdf, id=974, 419.166pt x 303.534pt>
File: disaggfigs/washdryer.pdf Graphic file (type pdf)

<use disaggfigs/washdryer.pdf>
Package pdftex.def Info: disaggfigs/washdryer.pdf used on input line 139.
(pdftex.def)             Requested size: 117.43874pt x 85.03987pt.

<disaggfigs/refrigerator.pdf, id=975, 1300.86pt x 758.835pt>
File: disaggfigs/refrigerator.pdf Graphic file (type pdf)

<use disaggfigs/refrigerator.pdf>
Package pdftex.def Info: disaggfigs/refrigerator.pdf used on input line 140.
(pdftex.def)             Requested size: 234.87749pt x 137.01282pt.

<disaggfigs/energyDisaggDefinition.pdf, id=976, 1345.025pt x 667.49374pt>
File: disaggfigs/energyDisaggDefinition.pdf Graphic file (type pdf)

<use disaggfigs/energyDisaggDefinition.pdf>
Package pdftex.def Info: disaggfigs/energyDisaggDefinition.pdf used on input li
ne 182.
(pdftex.def)             Requested size: 455.6629pt x 226.13007pt.
 [60 <./disaggfigs/background.pdf> <./disaggfigs/washdryer.pdf

pdfTeX warning: pdflatex (file ./disaggfigs/washdryer.pdf): PDF inclusion: mult
iple pdfs with page group included in a single page
> <./disaggfigs/refrigerator.pdf

pdfTeX warning: pdflatex (file ./disaggfigs/refrigerator.pdf): PDF inclusion: m
ultiple pdfs with page group included in a single page
>] [61 <./disaggfigs/energyDisaggDefinition.pdf>]
<disaggfigs/arch.pdf, id=1029, 1589.94pt x 650.43pt>
File: disaggfigs/arch.pdf Graphic file (type pdf)
 <use disaggfigs/arch.pdf>
Package pdftex.def Info: disaggfigs/arch.pdf used on input line 355.
(pdftex.def)             Requested size: 328.82706pt x 134.52005pt.

[62] <disaggfigs/steadyevents.pdf, id=1033, 578.16pt x 325.215pt>
File: disaggfigs/steadyevents.pdf Graphic file (type pdf)

<use disaggfigs/steadyevents.pdf>
Package pdftex.def Info: disaggfigs/steadyevents.pdf used on input line 406.
(pdftex.def)             Requested size: 281.85585pt x 158.54291pt.

Overfull \hbox (68.1995pt too wide) in paragraph at lines 424--437
\OT1/ptm/m/n/12 tran-si-tion events are gen-er-ated, re-sult-ing in the event s
e-ries: $\OT1/cmr/m/n/12 (\OML/cmm/m/it/12 e[]; e[]; e[]; e[]; e[]; e[]; e[]; e
[]; e[]; e[]; e[]; e[]; e[]; e[]; e[]; e[]\OT1/cmr/m/n/12 )$\OT1/ptm/m/n/12 .
 []

[63 <./disaggfigs/arch.pdf>]
<disaggfigs/cst.png, id=1123, 717.882pt x 158.5122pt>
File: disaggfigs/cst.png Graphic file (type png)
 <use disaggfigs/cst.png>
Package pdftex.def Info: disaggfigs/cst.png used on input line 468.
(pdftex.def)             Requested size: 234.87749pt x 51.86172pt.

[64 <./disaggfigs/steadyevents.pdf> <./disaggfigs/cst.png>]
<disaggfigs/motifSample.png, id=1206, 818.5782pt x 255.8358pt>
File: disaggfigs/motifSample.png Graphic file (type png)

<use disaggfigs/motifSample.png>
Package pdftex.def Info: disaggfigs/motifSample.png used on input line 528.
(pdftex.def)             Requested size: 258.36667pt x 80.74875pt.
 [65 <./disaggfigs/motifSample.png>] [66]
Overfull \hbox (18.18433pt too wide) in paragraph at lines 874--889
\OT1/ptm/m/n/12 Knowing the ground truth, we syn-the-size ag-gre-gate data with
 dif-fer-ent com-bi-na-tions of de-vices/circuits
 []

[67] <disaggfigs/14Precisions.pdf, id=1218, 1418.85086pt x 695.59875pt>
File: disaggfigs/14Precisions.pdf Graphic file (type pdf)

<use disaggfigs/14Precisions.pdf>
Package pdftex.def Info: disaggfigs/14Precisions.pdf used on input line 944.
(pdftex.def)             Requested size: 253.66454pt x 124.35326pt.

<disaggfigs/14Recalls.pdf, id=1219, 1451.10135pt x 794.97pt>
File: disaggfigs/14Recalls.pdf Graphic file (type pdf)

<use disaggfigs/14Recalls.pdf>
Package pdftex.def Info: disaggfigs/14Recalls.pdf used on input line 946.
(pdftex.def)             Requested size: 253.66454pt x 138.96414pt.

<disaggfigs/14Fmeasures.pdf, id=1220, 1425.325pt x 794.97pt>
File: disaggfigs/14Fmeasures.pdf Graphic file (type pdf)

<use disaggfigs/14Fmeasures.pdf>
Package pdftex.def Info: disaggfigs/14Fmeasures.pdf used on input line 948.
(pdftex.def)             Requested size: 253.66454pt x 141.4751pt.

<disaggfigs/weightedPreRecall.pdf, id=1221, 1345.025pt x 701.62125pt>
File: disaggfigs/weightedPreRecall.pdf Graphic file (type pdf)

<use disaggfigs/weightedPreRecall.pdf>
Package pdftex.def Info: disaggfigs/weightedPreRecall.pdf used on input line 95
0.
(pdftex.def)             Requested size: 253.66454pt x 132.31377pt.


LaTeX Warning: Float too large for page by 61.06308pt on input line 961.


Overfull \hbox (7.78632pt too wide) in paragraph at lines 1036--1036
[]|\OT1/ptm/m/n/10.95 Power
 []


Overfull \hbox (1.98305pt too wide) in paragraph at lines 1036--1036
[]|\OT1/ptm/m/n/10.95 4000| 
 []


Overfull \hbox (5.02704pt too wide) in paragraph at lines 1036--1036
[]|\OT1/ptm/m/n/10.95 1113;
 []


Underfull \hbox (badness 10000) in paragraph at lines 1036--1036
\OT1/ptm/m/n/10.95 900;
 []


Underfull \hbox (badness 10000) in paragraph at lines 1036--1036
\OT1/ptm/m/n/10.95 400;
 []


Underfull \hbox (badness 10000) in paragraph at lines 1036--1036
[]|\OT1/ptm/m/n/10.95 100;
 []


Underfull \hbox (badness 10000) in paragraph at lines 1036--1036
[]|\OT1/ptm/m/n/10.95 282;
 []


Underfull \hbox (badness 10000) in paragraph at lines 1036--1036
[]|\OT1/ptm/m/n/10.95 466;
 []


Overfull \hbox (1.98305pt too wide) in paragraph at lines 1036--1036
[]|\OT1/ptm/m/n/10.95 1527| 
 []


Overfull \hbox (1.98305pt too wide) in paragraph at lines 1036--1036
[]|\OT1/ptm/m/n/10.95 1605| 
 []


Overfull \hbox (1.98305pt too wide) in paragraph at lines 1036--1036
[]|\OT1/ptm/m/n/10.95 1076| 
 []


Overfull \hbox (1.98305pt too wide) in paragraph at lines 1036--1036
[]|\OT1/ptm/m/n/10.95 1535| 
 []


Overfull \hbox (1.98305pt too wide) in paragraph at lines 1036--1036
[]|\OT1/ptm/m/n/10.95 2711| 
 []

[68] [69 <./disaggfigs/14Precisions.pdf> <./disaggfigs/14Recalls.pdf> <./disagg
figs/14Fmeasures.pdf> <./disaggfigs/weightedPreRecall.pdf>] [70]) [71]
Chapter 4.
(./multidisaggsec/introduction.tex) (./multidisaggsec/prior.tex [72


])
(./multidisaggsec/formalism.tex [73]) (./multidisaggsec/approach.tex
(./multidisaggfig/multivariateMotifmining.tex
<multidisaggfig/RecursiveMultivariateMotifMining.pdf, id=1305, 614.295pt x 794.
97pt>
File: multidisaggfig/RecursiveMultivariateMotifMining.pdf Graphic file (type pd
f)
 <use multidisaggfig/RecursiveMultivariateMotifMining.pdf>
Package pdftex.def Info: multidisaggfig/RecursiveMultivariateMotifMining.pdf us
ed on input line 3.
(pdftex.def)             Requested size: 328.82706pt x 425.54129pt.
)
<multidisaggfig/multivariatePiecewiseMotifMining.pdf, id=1306, 1084.05pt x 216.
81pt>
File: multidisaggfig/multivariatePiecewiseMotifMining.pdf Graphic file (type pd
f)
 <use multidisaggfig/multivariatePiecewiseMotifMining.pdf>
Package pdftex.def Info: multidisaggfig/multivariatePiecewiseMotifMining.pdf us
ed on input line 40.
(pdftex.def)             Requested size: 328.82706pt x 65.7647pt.
 [74]

LaTeX Warning: `h' float specifier changed to `ht'.

[75 <./multidisaggfig/RecursiveMultivariateMotifMining.pdf>]
LaTeX Font Info:    Font shape `OT1/ptm/bx/it' in size <12> not available
(Font)              Font shape `OT1/ptm/b/it' tried instead on input line 49.

(./multidisaggalg/synchronizeEvents.tex
! Undefined control sequence.
<recently read> \RETURN 
                        
l.19 \RETURN
             $e_1, ..., e_i, ..., e_{n'}, \forall e_i > 2*\theta$
? 
) [76 <./multidisaggfig/multivariatePiecewiseMotifMining.pdf>]
<multidisaggfig/synchronizeDifferentEventEncoding.pdf, id=1407, 519.9425pt x 38
9.455pt>
File: multidisaggfig/synchronizeDifferentEventEncoding.pdf Graphic file (type p
df)
 <use multidisaggfig/synchronizeDifferentEventEncoding.pdf>
Package pdftex.def Info: multidisaggfig/synchronizeDifferentEventEncoding.pdf u
sed on input line 119.
(pdftex.def)             Requested size: 234.87749pt x 175.93057pt.


LaTeX Warning: `h' float specifier changed to `ht'.

) (./multidisaggsec/evaluation.tex [77] [78 <./multidisaggfig/synchronizeDiffer
entEventEncoding.pdf>]) (./multidisaggsec/electricityExp.tex
(./multidisaggtab/study10results.tex
Overfull \hbox (21.3797pt too wide) in paragraph at lines 10--43
 [][] 
 []

) [79] (./multidisaggfig/heatingIndoorResults.tex
<multidisaggfig/heatingIndoorPhase12On.png, id=1460, 309.3156pt x 260.8947pt>
File: multidisaggfig/heatingIndoorPhase12On.png Graphic file (type png)

<use multidisaggfig/heatingIndoorPhase12On.png>
Package pdftex.def Info: multidisaggfig/heatingIndoorPhase12On.png used on inpu
t line 4.
(pdftex.def)             Requested size: 231.26378pt x 195.06145pt.

<multidisaggfig/heatingIndoorUp.png, id=1461, 310.761pt x 263.7855pt>
File: multidisaggfig/heatingIndoorUp.png Graphic file (type png)

<use multidisaggfig/heatingIndoorUp.png>
Package pdftex.def Info: multidisaggfig/heatingIndoorUp.png used on input line 
5.
(pdftex.def)             Requested size: 231.26378pt x 196.30911pt.

! Extra alignment tab has been changed to \cr.
<recently read> \endtemplate 
                             
l.5 ....2in]{multidisaggfig/heatingIndoorUp.png} &
                                                  
? 

<multidisaggfig/heatingIndoorPhase12Off.png, id=1462, 309.3156pt x 260.8947pt>
File: multidisaggfig/heatingIndoorPhase12Off.png Graphic file (type png)

<use multidisaggfig/heatingIndoorPhase12Off.png>
Package pdftex.def Info: multidisaggfig/heatingIndoorPhase12Off.png used on inp
ut line 7.
(pdftex.def)             Requested size: 231.26378pt x 195.06145pt.

<multidisaggfig/heatingIndoorDown.png, id=1463, 310.761pt x 263.7855pt>
File: multidisaggfig/heatingIndoorDown.png Graphic file (type png)

<use multidisaggfig/heatingIndoorDown.png>
Package pdftex.def Info: multidisaggfig/heatingIndoorDown.png used on input lin
e 8.
(pdftex.def)             Requested size: 231.26378pt x 196.30911pt.

Overfull \hbox (16.77257pt too wide) in paragraph at lines 3--13
 [][] 
 []

) (./multidisaggfig/dryerResults.tex
<multidisaggfig/dryerPhase12OnDiff.png, id=1464, 310.761pt x 261.6174pt>
File: multidisaggfig/dryerPhase12OnDiff.png Graphic file (type png)

<use multidisaggfig/dryerPhase12OnDiff.png>
Package pdftex.def Info: multidisaggfig/dryerPhase12OnDiff.png used on input li
ne 4.
(pdftex.def)             Requested size: 231.26378pt x 194.6956pt.

<multidisaggfig/waterHeaterPhase12OnDiff.png, id=1465, 312.2064pt x 261.6174pt>
File: multidisaggfig/waterHeaterPhase12OnDiff.png Graphic file (type png)
<use multidisaggfig/waterHeaterPhase12OnDiff.png>
Package pdftex.def Info: multidisaggfig/waterHeaterPhase12OnDiff.png used on in
put line 5.
(pdftex.def)             Requested size: 231.26378pt x 193.78943pt.

<multidisaggfig/heatingIndoorOutdoorPhase12On_1.png, id=1466, 310.761pt x 262.3
401pt>
File: multidisaggfig/heatingIndoorOutdoorPhase12On_1.png Graphic file (type png
)
 <use multidisaggfig/heatingIndoorOutdoorPhase12On_1.png>
Package pdftex.def Info: multidisaggfig/heatingIndoorOutdoorPhase12On_1.png use
d on input line 7.
(pdftex.def)             Requested size: 231.26378pt x 195.23344pt.

<multidisaggfig/UpToiletFitted.png, id=1467, 276.7941pt x 227.6505pt>
File: multidisaggfig/UpToiletFitted.png Graphic file (type png)

<use multidisaggfig/UpToiletFitted.png>
Package pdftex.def Info: multidisaggfig/UpToiletFitted.png used on input line 8
.
(pdftex.def)             Requested size: 231.26378pt x 190.2108pt.

Overfull \hbox (16.77257pt too wide) in paragraph at lines 3--17
 [][] 
 []

) [80] [81 <./multidisaggfig/heatingIndoorPhase12On.png> <./multidisaggfig/heat
ingIndoorUp.png> <./multidisaggfig/heatingIndoorPhase12Off.png> <./multidisaggf
ig/heatingIndoorDown.png>] [82 <./multidisaggfig/dryerPhase12OnDiff.png> <./mul
tidisaggfig/waterHeaterPhase12OnDiff.png> <./multidisaggfig/heatingIndoorOutdoo
rPhase12On_1.png> <./multidisaggfig/UpToiletFitted.png>])
(./multidisaggsec/waterExp.tex [83]) (./multidisaggsec/conclusion.tex) [84]
Chapter 5.
(./adlsec/abstract.tex) (./adlsec/introduction.tex [85

]) (./adlsec/related.tex
[86]
Overfull \hbox (16.1794pt too wide) in paragraph at lines 38--45
[]\OT1/ptm/m/n/12 A re-cent sur-vey [[]] com-pares ma-jor oc-cu-pancy pre-dic-t
ions al-go-rithms against the LDCC dataset [[]],
 []

) (./adlsec/formulation.tex) (./adlsec/algorithm.tex
<adlfigs/framework.pdf, id=1501, 1445.4pt x 542.025pt>
File: adlfigs/framework.pdf Graphic file (type pdf)

<use adlfigs/framework.pdf>
Package pdftex.def Info: adlfigs/framework.pdf used on input line 6.
(pdftex.def)             Requested size: 234.87749pt x 88.07388pt.
 [87 <./adlfigs/framework.pdf>]
(./adlfigs/MingExample.tex
<adlfigs/MingExample.pdf, id=1920, 722.7pt x 542.025pt>
File: adlfigs/MingExample.pdf Graphic file (type pdf)

<use adlfigs/MingExample.pdf>
Package pdftex.def Info: adlfigs/MingExample.pdf used on input line 3.
(pdftex.def)             Requested size: 375.80542pt x 281.85461pt.
) [88] [89 <./adlfigs/MingExample.pdf>]
(./adlfigs/egh.tex <adlfigs/egh.pdf, id=2118, 650.43pt x 433.62pt>
File: adlfigs/egh.pdf Graphic file (type pdf)

<use adlfigs/egh.pdf>
Package pdftex.def Info: adlfigs/egh.pdf used on input line 3.
(pdftex.def)             Requested size: 328.82706pt x 219.22449pt.
)
\c@mydef=\count118
 [90] [91 <./adlfigs/egh.pdf>]) (./adlsec/result.tex
[92] (./adltabs/individualResults.tex
LaTeX Font Info:    Font shape `OT1/ptm/bx/n' in size <10.95> not available
(Font)              Font shape `OT1/ptm/b/n' tried instead on input line 19.

Overfull \hbox (36.57277pt too wide) in paragraph at lines 13--47
 [][] 
 []

) [93]
<adlfigs/study10person12014-02-20occupied.png, id=2269, 738.5994pt x 762.4485pt
>
File: adlfigs/study10person12014-02-20occupied.png Graphic file (type png)
 <use adlfigs/study10person12014-02-20occupied.png>
Package pdftex.def Info: adlfigs/study10person12014-02-20occupied.png used on i
nput line 90.
(pdftex.def)             Requested size: 328.82706pt x 339.44557pt.


LaTeX Warning: `h' float specifier changed to `ht'.

[94] (./adltabs/resultsLimitation.tex [95 <./adlfigs/study10person12014-02-20oc
cupied.png>]
Overfull \hbox (36.57277pt too wide) in paragraph at lines 14--43
 [][] 
 []

)
Overfull \hbox (4.07268pt too wide) in paragraph at lines 174--174
[]\OT1/ptm/b/n/14.4 House Oc-cu-pancy Pre-dic-tion 30 Min-utes Ahead with Hy-br
id Ap-proach 
 []

<adlfigs/study10ROC_02202014.png, id=2277, 394.5942pt x 379.4175pt>
File: adlfigs/study10ROC_02202014.png Graphic file (type png)

<use adlfigs/study10ROC_02202014.png>
Package pdftex.def Info: adlfigs/study10ROC_02202014.png used on input line 195
.
(pdftex.def)             Requested size: 281.85585pt x 271.0325pt.
 [96]
<adlfigs/study11ROC_02042014.png, id=2282, 388.0899pt x 374.3586pt>
File: adlfigs/study11ROC_02042014.png Graphic file (type png)

<use adlfigs/study11ROC_02042014.png>
Package pdftex.def Info: adlfigs/study11ROC_02042014.png used on input line 208
.
(pdftex.def)             Requested size: 281.85585pt x 271.89714pt.


LaTeX Warning: `h' float specifier changed to `ht'.

<adlfigs/study14ROC_12202013.png, id=2283, 394.5942pt x 377.2494pt>
File: adlfigs/study14ROC_12202013.png Graphic file (type png)

<use adlfigs/study14ROC_12202013.png>
Package pdftex.def Info: adlfigs/study14ROC_12202013.png used on input line 222
.
(pdftex.def)             Requested size: 281.85585pt x 269.48375pt.


LaTeX Warning: `h' float specifier changed to `ht'.

) (./adlsec/conclusion.tex [97 <./adlfigs/study10ROC_02202014.png>])
(./adlsec/appendix.tex (./adlalgs/episodeMiningTimeGapConstraint.tex

LaTeX Warning: Float too large for page by 11.50668pt on input line 100.


LaTeX Warning: `h' float specifier changed to `ht'.

) (./adlalgs/alg03.tex)) (./sec/conclusion.tex [98 <./adlfigs/study11ROC_020420
14.png>] [99] [100 <./adlfigs/study14ROC_12202013.png>] [101] [102]
Chapter 6.
[103

] [104]) (./etd.bbl [105] [106

] [107] [108] [109] [110] [111] [112]
[113] [114] [115]) [116] (./etd.aux (./sec/introduction.aux) (./sec/disagg.aux)
)

LaTeX Warning: There were multiply-defined labels.

 ) 
Here is how much of TeX's memory you used:
 4907 strings out of 493315
 80378 string characters out of 6137904
 138050 words of memory out of 5000000
 7965 multiletter control sequences out of 15000+600000
 36881 words of font info for 73 fonts, out of 8000000 for 9000
 957 hyphenation exceptions out of 8191
 42i,15n,28p,1319b,750s stack positions out of 5000i,500n,10000p,200000b,80000s
{/usr/local/texlive/2013/texmf-dist/fonts/enc/dvips/base/8r.enc}</usr/local/t
exlive/2013/texmf-dist/fonts/type1/public/amsfonts/cm/cmbx12.pfb></usr/local/te
xlive/2013/texmf-dist/fonts/type1/public/amsfonts/cm/cmex10.pfb></usr/local/tex
live/2013/texmf-dist/fonts/type1/public/amsfonts/cm/cmmi10.pfb></usr/local/texl
ive/2013/texmf-dist/fonts/type1/public/amsfonts/cm/cmmi12.pfb></usr/local/texli
ve/2013/texmf-dist/fonts/type1/public/amsfonts/cm/cmmi6.pfb></usr/local/texlive
/2013/texmf-dist/fonts/type1/public/amsfonts/cm/cmmi8.pfb></usr/local/texlive/2
013/texmf-dist/fonts/type1/public/amsfonts/cm/cmr10.pfb></usr/local/texlive/201
3/texmf-dist/fonts/type1/public/amsfonts/cm/cmr12.pfb></usr/local/texlive/2013/
texmf-dist/fonts/type1/public/amsfonts/cm/cmr6.pfb></usr/local/texlive/2013/tex
mf-dist/fonts/type1/public/amsfonts/cm/cmr8.pfb></usr/local/texlive/2013/texmf-
dist/fonts/type1/public/amsfonts/cm/cmsy10.pfb></usr/local/texlive/2013/texmf-d
ist/fonts/type1/public/amsfonts/cm/cmsy6.pfb></usr/local/texlive/2013/texmf-dis
t/fonts/type1/public/amsfonts/cm/cmsy8.pfb></usr/local/texlive/2013/texmf-dist/
fonts/type1/public/rsfs/rsfs10.pfb></usr/local/texlive/2013/texmf-dist/fonts/ty
pe1/urw/times/utmb8a.pfb></usr/local/texlive/2013/texmf-dist/fonts/type1/urw/ti
mes/utmbi8a.pfb></usr/local/texlive/2013/texmf-dist/fonts/type1/urw/times/utmr8
a.pfb></usr/local/texlive/2013/texmf-dist/fonts/type1/urw/times/utmr8a.pfb></us
r/local/texlive/2013/texmf-dist/fonts/type1/urw/times/utmri8a.pfb>
Output written on etd.pdf (129 pages, 6988554 bytes).
PDF statistics:
 2416 PDF objects out of 2487 (max. 8388607)
 1341 compressed objects within 14 object streams
 0 named destinations out of 1000 (max. 500000)
 356 words of extra memory for PDF output out of 10000 (max. 10000000)

